app/build/intermediates/manifest_merge_blame_file/debug/manifest-merger-blame-debug-report.txt
1<?xml version="1.0" encoding="utf-8"?>
2<manifest xmlns:android="http://schemas.android.com/apk/res/android"
3    package="com.pontocerto.app"
4    android:versionCode="1"
5    android:versionName="1.0" >
6
7    <uses-sdk
8        android:minSdkVersion="24"
9        android:targetSdkVersion="34" />
10
11    <!-- Permissões obrigatórias -->
12    <uses-permission android:name="android.permission.CAMERA" />
12-->src/main/AndroidManifest.xml:5:5-65
12-->src/main/AndroidManifest.xml:5:22-62
13    <uses-permission android:name="android.permission.ACCESS_FINE_LOCATION" />
13-->src/main/AndroidManifest.xml:6:5-79
13-->src/main/AndroidManifest.xml:6:22-76
14    <uses-permission android:name="android.permission.ACCESS_COARSE_LOCATION" />
14-->src/main/AndroidManifest.xml:7:5-81
14-->src/main/AndroidManifest.xml:7:22-78
15    <uses-permission android:name="android.permission.INTERNET" />
15-->src/main/AndroidManifest.xml:8:5-67
15-->src/main/AndroidManifest.xml:8:22-64
16
17    <permission
17-->[androidx.core:core:1.12.0] AndroidManifest.xml:22:5-24:47
18        android:name="com.pontocerto.app.DYNAMIC_RECEIVER_NOT_EXPORTED_PERMISSION"
18-->[androidx.core:core:1.12.0] AndroidManifest.xml:23:9-81
19        android:protectionLevel="signature" />
19-->[androidx.core:core:1.12.0] AndroidManifest.xml:24:9-44
20
21    <uses-permission android:name="com.pontocerto.app.DYNAMIC_RECEIVER_NOT_EXPORTED_PERMISSION" /> <!-- Although the *SdkVersion is captured in gradle build files, this is required for non gradle builds -->
21-->[androidx.core:core:1.12.0] AndroidManifest.xml:26:5-97
21-->[androidx.core:core:1.12.0] AndroidManifest.xml:26:22-94
22    <!-- <uses-sdk android:minSdkVersion="14"/> -->
23    <uses-permission android:name="android.permission.ACCESS_NETWORK_STATE" />
23-->[com.google.android.datatransport:transport-backend-cct:2.3.3] AndroidManifest.xml:25:5-79
23-->[com.google.android.datatransport:transport-backend-cct:2.3.3] AndroidManifest.xml:25:22-76
24
25    <application
25-->src/main/AndroidManifest.xml:10:5-48:19
26        android:allowBackup="true"
26-->src/main/AndroidManifest.xml:11:9-35
27        android:appComponentFactory="androidx.core.app.CoreComponentFactory"
27-->[androidx.core:core:1.12.0] AndroidManifest.xml:28:18-86
28        android:debuggable="true"
29        android:extractNativeLibs="false"
30        android:icon="@mipmap/ic_launcher"
30-->src/main/AndroidManifest.xml:13:9-43
31        android:label="Ponto Certo"
31-->src/main/AndroidManifest.xml:12:9-36
32        android:roundIcon="@mipmap/ic_launcher_round"
32-->src/main/AndroidManifest.xml:14:9-54
33        android:supportsRtl="true"
33-->src/main/AndroidManifest.xml:15:9-35
34        android:theme="@style/Theme.PontoCerto" >
34-->src/main/AndroidManifest.xml:16:9-48
35
36        <!-- Splash Screen (tela inicial) -->
37        <activity
37-->src/main/AndroidManifest.xml:19:9-26:20
38            android:name="com.pontocerto.app.SplashActivity"
38-->src/main/AndroidManifest.xml:20:13-43
39            android:exported="true" >
39-->src/main/AndroidManifest.xml:21:13-36
40            <intent-filter>
40-->src/main/AndroidManifest.xml:22:13-25:29
41                <action android:name="android.intent.action.MAIN" />
41-->src/main/AndroidManifest.xml:23:17-69
41-->src/main/AndroidManifest.xml:23:25-66
42
43                <category android:name="android.intent.category.LAUNCHER" />
43-->src/main/AndroidManifest.xml:24:17-77
43-->src/main/AndroidManifest.xml:24:27-74
44            </intent-filter>
45        </activity>
46
47        <!-- Tela de Login -->
48        <activity
48-->src/main/AndroidManifest.xml:29:9-31:40
49            android:name="com.pontocerto.app.LoginActivity"
49-->src/main/AndroidManifest.xml:30:13-42
50            android:exported="false" />
50-->src/main/AndroidManifest.xml:31:13-37
51
52        <!-- Tela da Câmera (confirmação facial) -->
53        <activity
53-->src/main/AndroidManifest.xml:34:9-36:40
54            android:name="com.pontocerto.app.CameraActivity"
54-->src/main/AndroidManifest.xml:35:13-43
55            android:exported="false" />
55-->src/main/AndroidManifest.xml:36:13-37
56
57        <!-- Histórico de Pontos -->
58        <activity
58-->src/main/AndroidManifest.xml:39:9-41:40
59            android:name="com.pontocerto.app.HistoricoActivity"
59-->src/main/AndroidManifest.xml:40:13-46
60            android:exported="false" />
60-->src/main/AndroidManifest.xml:41:13-37
61
62        <!-- Tela principal -->
63        <activity
63-->src/main/AndroidManifest.xml:44:9-46:40
64            android:name="com.pontocerto.app.MainActivity"
64-->src/main/AndroidManifest.xml:45:13-41
65            android:exported="false" />
65-->src/main/AndroidManifest.xml:46:13-37
66
67        <provider
67-->[androidx.emoji2:emoji2:1.2.0] AndroidManifest.xml:24:9-32:20
68            android:name="androidx.startup.InitializationProvider"
68-->[androidx.emoji2:emoji2:1.2.0] AndroidManifest.xml:25:13-67
69            android:authorities="com.pontocerto.app.androidx-startup"
69-->[androidx.emoji2:emoji2:1.2.0] AndroidManifest.xml:26:13-68
70            android:exported="false" >
70-->[androidx.emoji2:emoji2:1.2.0] AndroidManifest.xml:27:13-37
71            <meta-data
71-->[androidx.emoji2:emoji2:1.2.0] AndroidManifest.xml:29:13-31:52
72                android:name="androidx.emoji2.text.EmojiCompatInitializer"
72-->[androidx.emoji2:emoji2:1.2.0] AndroidManifest.xml:30:17-75
73                android:value="androidx.startup" />
73-->[androidx.emoji2:emoji2:1.2.0] AndroidManifest.xml:31:17-49
74            <meta-data
74-->[androidx.lifecycle:lifecycle-process:2.6.1] AndroidManifest.xml:29:13-31:52
75                android:name="androidx.lifecycle.ProcessLifecycleInitializer"
75-->[androidx.lifecycle:lifecycle-process:2.6.1] AndroidManifest.xml:30:17-78
76                android:value="androidx.startup" />
76-->[androidx.lifecycle:lifecycle-process:2.6.1] AndroidManifest.xml:31:17-49
77            <meta-data
77-->[androidx.profileinstaller:profileinstaller:1.3.0] AndroidManifest.xml:29:13-31:52
78                android:name="androidx.profileinstaller.ProfileInstallerInitializer"
78-->[androidx.profileinstaller:profileinstaller:1.3.0] AndroidManifest.xml:30:17-85
79                android:value="androidx.startup" />
79-->[androidx.profileinstaller:profileinstaller:1.3.0] AndroidManifest.xml:31:17-49
80        </provider>
81
82        <service
82-->[com.google.android.gms:play-services-mlkit-face-detection:17.0.1] AndroidManifest.xml:9:9-15:19
83            android:name="com.google.mlkit.common.internal.MlKitComponentDiscoveryService"
83-->[com.google.android.gms:play-services-mlkit-face-detection:17.0.1] AndroidManifest.xml:10:13-91
84            android:directBootAware="true"
84-->[com.google.mlkit:common:18.1.0] AndroidManifest.xml:17:13-43
85            android:exported="false" >
85-->[com.google.android.gms:play-services-mlkit-face-detection:17.0.1] AndroidManifest.xml:11:13-37
86            <meta-data
86-->[com.google.android.gms:play-services-mlkit-face-detection:17.0.1] AndroidManifest.xml:12:13-14:85
87                android:name="com.google.firebase.components:com.google.mlkit.vision.face.internal.FaceRegistrar"
87-->[com.google.android.gms:play-services-mlkit-face-detection:17.0.1] AndroidManifest.xml:13:17-114
88                android:value="com.google.firebase.components.ComponentRegistrar" />
88-->[com.google.android.gms:play-services-mlkit-face-detection:17.0.1] AndroidManifest.xml:14:17-82
89            <meta-data
89-->[com.google.mlkit:vision-common:17.1.0] AndroidManifest.xml:12:13-14:85
90                android:name="com.google.firebase.components:com.google.mlkit.vision.common.internal.VisionCommonRegistrar"
90-->[com.google.mlkit:vision-common:17.1.0] AndroidManifest.xml:13:17-124
91                android:value="com.google.firebase.components.ComponentRegistrar" />
91-->[com.google.mlkit:vision-common:17.1.0] AndroidManifest.xml:14:17-82
92            <meta-data
92-->[com.google.mlkit:common:18.1.0] AndroidManifest.xml:20:13-22:85
93                android:name="com.google.firebase.components:com.google.mlkit.common.internal.CommonComponentRegistrar"
93-->[com.google.mlkit:common:18.1.0] AndroidManifest.xml:21:17-120
94                android:value="com.google.firebase.components.ComponentRegistrar" />
94-->[com.google.mlkit:common:18.1.0] AndroidManifest.xml:22:17-82
95        </service>
96
97        <provider
97-->[com.google.mlkit:common:18.1.0] AndroidManifest.xml:9:9-13:38
98            android:name="com.google.mlkit.common.internal.MlKitInitProvider"
98-->[com.google.mlkit:common:18.1.0] AndroidManifest.xml:10:13-78
99            android:authorities="com.pontocerto.app.mlkitinitprovider"
99-->[com.google.mlkit:common:18.1.0] AndroidManifest.xml:11:13-69
100            android:exported="false"
100-->[com.google.mlkit:common:18.1.0] AndroidManifest.xml:12:13-37
101            android:initOrder="99" />
101-->[com.google.mlkit:common:18.1.0] AndroidManifest.xml:13:13-35
102
103        <activity
103-->[com.google.android.gms:play-services-base:18.1.0] AndroidManifest.xml:20:9-22:45
104            android:name="com.google.android.gms.common.api.GoogleApiActivity"
104-->[com.google.android.gms:play-services-base:18.1.0] AndroidManifest.xml:20:19-85
105            android:exported="false"
105-->[com.google.android.gms:play-services-base:18.1.0] AndroidManifest.xml:22:19-43
106            android:theme="@android:style/Theme.Translucent.NoTitleBar" />
106-->[com.google.android.gms:play-services-base:18.1.0] AndroidManifest.xml:21:19-78
107
108        <meta-data
108-->[com.google.android.gms:play-services-basement:18.1.0] AndroidManifest.xml:21:9-23:69
109            android:name="com.google.android.gms.version"
109-->[com.google.android.gms:play-services-basement:18.1.0] AndroidManifest.xml:22:13-58
110            android:value="@integer/google_play_services_version" />
110-->[com.google.android.gms:play-services-basement:18.1.0] AndroidManifest.xml:23:13-66
111
112        <service
112-->[com.google.android.datatransport:transport-backend-cct:2.3.3] AndroidManifest.xml:29:9-35:19
113            android:name="com.google.android.datatransport.runtime.backends.TransportBackendDiscovery"
113-->[com.google.android.datatransport:transport-backend-cct:2.3.3] AndroidManifest.xml:30:13-103
114            android:exported="false" >
114-->[com.google.android.datatransport:transport-backend-cct:2.3.3] AndroidManifest.xml:31:13-37
115            <meta-data
115-->[com.google.android.datatransport:transport-backend-cct:2.3.3] AndroidManifest.xml:32:13-34:39
116                android:name="backend:com.google.android.datatransport.cct.CctBackendFactory"
116-->[com.google.android.datatransport:transport-backend-cct:2.3.3] AndroidManifest.xml:33:17-94
117                android:value="cct" />
117-->[com.google.android.datatransport:transport-backend-cct:2.3.3] AndroidManifest.xml:34:17-36
118        </service>
119        <service
119-->[com.google.android.datatransport:transport-runtime:2.2.6] AndroidManifest.xml:26:9-30:19
120            android:name="com.google.android.datatransport.runtime.scheduling.jobscheduling.JobInfoSchedulerService"
120-->[com.google.android.datatransport:transport-runtime:2.2.6] AndroidManifest.xml:27:13-117
121            android:exported="false"
121-->[com.google.android.datatransport:transport-runtime:2.2.6] AndroidManifest.xml:28:13-37
122            android:permission="android.permission.BIND_JOB_SERVICE" >
122-->[com.google.android.datatransport:transport-runtime:2.2.6] AndroidManifest.xml:29:13-69
123        </service>
124
125        <receiver
125-->[com.google.android.datatransport:transport-runtime:2.2.6] AndroidManifest.xml:32:9-34:40
126            android:name="com.google.android.datatransport.runtime.scheduling.jobscheduling.AlarmManagerSchedulerBroadcastReceiver"
126-->[com.google.android.datatransport:transport-runtime:2.2.6] AndroidManifest.xml:33:13-132
127            android:exported="false" />
127-->[com.google.android.datatransport:transport-runtime:2.2.6] AndroidManifest.xml:34:13-37
128        <receiver
128-->[androidx.profileinstaller:profileinstaller:1.3.0] AndroidManifest.xml:34:9-52:20
129            android:name="androidx.profileinstaller.ProfileInstallReceiver"
129-->[androidx.profileinstaller:profileinstaller:1.3.0] AndroidManifest.xml:35:13-76
130            android:directBootAware="false"
130-->[androidx.profileinstaller:profileinstaller:1.3.0] AndroidManifest.xml:36:13-44
131            android:enabled="true"
131-->[androidx.profileinstaller:profileinstaller:1.3.0] AndroidManifest.xml:37:13-35
132            android:exported="true"
132-->[androidx.profileinstaller:profileinstaller:1.3.0] AndroidManifest.xml:38:13-36
133            android:permission="android.permission.DUMP" >
133-->[androidx.profileinstaller:profileinstaller:1.3.0] AndroidManifest.xml:39:13-57
134            <intent-filter>
134-->[androidx.profileinstaller:profileinstaller:1.3.0] AndroidManifest.xml:40:13-42:29
135                <action android:name="androidx.profileinstaller.action.INSTALL_PROFILE" />
135-->[androidx.profileinstaller:profileinstaller:1.3.0] AndroidManifest.xml:41:17-91
135-->[androidx.profileinstaller:profileinstaller:1.3.0] AndroidManifest.xml:41:25-88
136            </intent-filter>
137            <intent-filter>
137-->[androidx.profileinstaller:profileinstaller:1.3.0] AndroidManifest.xml:43:13-45:29
138                <action android:name="androidx.profileinstaller.action.SKIP_FILE" />
138-->[androidx.profileinstaller:profileinstaller:1.3.0] AndroidManifest.xml:44:17-85
138-->[androidx.profileinstaller:profileinstaller:1.3.0] AndroidManifest.xml:44:25-82
139            </intent-filter>
140            <intent-filter>
140-->[androidx.profileinstaller:profileinstaller:1.3.0] AndroidManifest.xml:46:13-48:29
141                <action android:name="androidx.profileinstaller.action.SAVE_PROFILE" />
141-->[androidx.profileinstaller:profileinstaller:1.3.0] AndroidManifest.xml:47:17-88
141-->[androidx.profileinstaller:profileinstaller:1.3.0] AndroidManifest.xml:47:25-85
142            </intent-filter>
143            <intent-filter>
143-->[androidx.profileinstaller:profileinstaller:1.3.0] AndroidManifest.xml:49:13-51:29
144                <action android:name="androidx.profileinstaller.action.BENCHMARK_OPERATION" />
144-->[androidx.profileinstaller:profileinstaller:1.3.0] AndroidManifest.xml:50:17-95
144-->[androidx.profileinstaller:profileinstaller:1.3.0] AndroidManifest.xml:50:25-92
145            </intent-filter>
146        </receiver>
147    </application>
148
149</manifest>